[35m[Appium][39m Welcome to Appium v1.22.2
[35m[Appium][39m Non-default server args:
[35m[Appium][39m   port: 56555
[35m[Appium][39m   loglevel: info
[35m[Appium][39m   tmpDir: C:\Users\daffa\AppData\Local\Temp\\Katalon\Appium\Temp1687922326370
[35m[Appium][39m   chromedriverPort: 56556
[35m[Appium][39m Deprecated server args:
[35m[Appium][39m   [31m--chromedriver-port[39m => --default-capabilities
[35m[Appium][39m Default capabilities, which will be added to each request unless overridden by desired capabilities:
[35m[Appium][39m   chromedriverPort: 56556
[35m[Appium][39m Appium REST http interface listener started on 0.0.0.0:56555
[35m[HTTP][39m [37m-->[39m [37mGET[39m [37m/wd/hub/status[39m
[35m[HTTP][39m [90m{}[39m
[35m[HTTP][39m [37m<-- GET /wd/hub/status [39m[32m200[39m [90m7 ms - 68[39m
[35m[HTTP][39m [90m[39m
[35m[HTTP][39m [37m-->[39m [37mGET[39m [37m/wd/hub/status[39m
[35m[HTTP][39m [90m{}[39m
[35m[HTTP][39m [37m<-- GET /wd/hub/status [39m[32m200[39m [90m2 ms - 68[39m
[35m[HTTP][39m [90m[39m
[35m[HTTP][39m [37m-->[39m [37mPOST[39m [37m/wd/hub/session[39m
[35m[HTTP][39m [90m{"desiredCapabilities":{"app":"C:\\EduApp-Katalon\\EduApp2\\mobileapp\\Calculator_v8.1.com.apk","noReset":true,"deviceName":"emulator-5554 (sdk_gphone_x86 - Android 11)","fullReset":false,"platform":"ANDROID","newCommandTimeout":1800,"platformVersion":"11","automationName":"uiautomator2","autoGrantPermissions":true,"platformName":"Android","udid":"emulator-5554","systemPort":56564},"capabilities":{"firstMatch":[{"appium:app":"C:\\EduApp-Katalon\\EduApp2\\mobileapp\\Calculator_v8.1.com.apk","appium:autoGrantPermissions":true,"appium:automationName":"uiautomator2","appium:deviceName":"emulator-5554 (sdk_gphone_x86 - Android 11)","appium:fullReset":false,"appium:newCommandTimeout":1800,"appium:noReset":true,"platform":"ANDROID","platformName":"android","appium:platformVersion":"11","appium:systemPort":56564,"appium:udid":"emulator-5554"}]}}[39m
[35m[BaseDriver][39m The following capabilities are not standard capabilities and should have an extension prefix:
[35m[BaseDriver][39m   platform
[35m[BaseDriver][39m   chromedriverPort
[35m[Appium][39m Appium v1.22.2 creating new AndroidUiautomator2Driver (v1.70.1) session
[35m[BaseDriver][39m The following capabilities were provided, but are not recognized by Appium:
[35m[BaseDriver][39m   platform
[35m[BaseDriver][39m Session created with session id: 1314371e-5ac5-4c3f-8cfe-7cf186bf05d1
[35m[BaseDriver][39m Using local app 'C:\EduApp-Katalon\EduApp2\mobileapp\Calculator_v8.1.com.apk'
[35m[ADB][39m Found 1 'build-tools' folders under 'C:\Users\daffa\.katalon\tools\android_sdk' (newest first):
[35m[ADB][39m     C:/Users/daffa/.katalon/tools/android_sdk/build-tools/29.0.3
[35m[ADB][39m Using 'adb.exe' from 'C:\Users\daffa\.katalon\tools\android_sdk\platform-tools\adb.exe'
[35m[AndroidDriver][39m Retrieving device list
[35m[AndroidDriver][39m Using device: emulator-5554
[35m[ADB][39m Using 'adb.exe' from 'C:\Users\daffa\.katalon\tools\android_sdk\platform-tools\adb.exe'
[35m[ADB][39m Getting device platform version
[35m[UiAutomator2][39m Relaxing hidden api policy
[35m[ADB][39m Package name: 'com.google.android.calculator'
[35m[ADB][39m Main activity name: 'com.android.calculator2.Calculator'
[35m[ADB][39m Using 'apksigner.jar' from 'C:\Users\daffa\.katalon\tools\android_sdk\build-tools\29.0.3\lib\apksigner.jar'
[35m[ADB][39m 'C:\Users\daffa\AppData\Roaming\npm\node_modules\appium\node_modules\appium-uiautomator2-server\apks\appium-uiautomator2-server-v4.27.0.apk' is signed with the default certificate
[35m[ADB][39m 'C:\Users\daffa\AppData\Roaming\npm\node_modules\appium\node_modules\appium-uiautomator2-server\apks\appium-uiautomator2-server-debug-androidTest.apk' is signed with the default certificate
[35m[UiAutomator2][39m Server packages are not going to be (re)installed
[35m[ADB][39m Adding packages ["io.appium.settings","io.appium.uiautomator2.server","io.appium.uiautomator2.server.test"] to Doze whitelist
[35m[ADB][39m 'C:\EduApp-Katalon\EduApp2\mobileapp\Calculator_v8.1.com.apk' is signed with a non-default certificate
[35m[UiAutomator2][39m Starting UIAutomator2 server 4.27.0
[35m[UiAutomator2][39m Using UIAutomator2 server from 'C:\Users\daffa\AppData\Roaming\npm\node_modules\appium\node_modules\appium-uiautomator2-server\apks\appium-uiautomator2-server-v4.27.0.apk' and test from 'C:\Users\daffa\AppData\Roaming\npm\node_modules\appium\node_modules\appium-uiautomator2-server\apks\appium-uiautomator2-server-debug-androidTest.apk'
[35m[UiAutomator2][39m Waiting up to 30000ms for UiAutomator2 to be online...
[35m[WD Proxy][39m socket hang up
[35m[WD Proxy][39m socket hang up
[35m[WD Proxy][39m socket hang up
[35m[WD Proxy][39m Determined the downstream protocol as 'W3C'
[35m[AndroidDriver][39m Screen already unlocked, doing nothing
[35m[UiAutomator2][39m Starting 'com.google.android.calculator/com.android.calculator2.Calculator and waiting for 'com.google.android.calculator/com.android.calculator2.Calculator'
[35m[Appium][39m New AndroidUiautomator2Driver session created successfully, session 1314371e-5ac5-4c3f-8cfe-7cf186bf05d1 added to master session list
[35m[HTTP][39m [37m<-- POST /wd/hub/session [39m[32m200[39m [90m10770 ms - 1318[39m
[35m[HTTP][39m [90m[39m
[35m[HTTP][39m [37m-->[39m [37mGET[39m [37m/wd/hub/session/1314371e-5ac5-4c3f-8cfe-7cf186bf05d1[39m
[35m[HTTP][39m [90m{}[39m
[35m[HTTP][39m [37m<-- GET /wd/hub/session/1314371e-5ac5-4c3f-8cfe-7cf186bf05d1 [39m[32m200[39m [90m15 ms - 1272[39m
[35m[HTTP][39m [90m[39m
[35m[HTTP][39m [37m-->[39m [37mGET[39m [37m/wd/hub/session/1314371e-5ac5-4c3f-8cfe-7cf186bf05d1[39m
[35m[HTTP][39m [90m{}[39m
[35m[HTTP][39m [37m<-- GET /wd/hub/session/1314371e-5ac5-4c3f-8cfe-7cf186bf05d1 [39m[32m200[39m [90m13 ms - 1272[39m
[35m[HTTP][39m [90m[39m
[35m[HTTP][39m [37m-->[39m [37mGET[39m [37m/wd/hub/status[39m
[35m[HTTP][39m [90m{}[39m
[35m[HTTP][39m [37m<-- GET /wd/hub/status [39m[32m200[39m [90m1 ms - 68[39m
[35m[HTTP][39m [90m[39m
[35m[HTTP][39m [37m-->[39m [37mPOST[39m [37m/wd/hub/session/1314371e-5ac5-4c3f-8cfe-7cf186bf05d1/timeouts[39m
[35m[HTTP][39m [90m{"implicit":60000}[39m
[35m[HTTP][39m [37m<-- POST /wd/hub/session/1314371e-5ac5-4c3f-8cfe-7cf186bf05d1/timeouts [39m[32m200[39m [90m4 ms - 14[39m
[35m[HTTP][39m [90m[39m
[35m[BaseDriver][39m Shutting down because we waited 1800 seconds for a command
[35m[Appium][39m Closing session, cause was 'New Command Timeout of 1800 seconds expired. Try customizing the timeout using the 'newCommandTimeout' desired capability'
[35m[Appium][39m Removing session 'c0bde308-3a53-4349-90f8-eb18657bf762' from our master session list
[35m[UiAutomator2][39m Did not get confirmation UiAutomator2 deleteSession worked; Error was: UnknownError: An unknown server-side error occurred while processing the command. Original error: 'DELETE /' cannot be proxied to UiAutomator2 server because the instrumentation process is not running (probably crashed). Check the server log and/or the logcat output for more details
[35m[UiAutomator2][39m Restoring hidden api policy to the device default configuration
9m
[35m[HTTP][39m [37m-->[39m [37mGET[39m [37m/wd/hub/session/1314371e-5ac5-4c3f-8cfe-7cf186bf05d1/source[39m
[35m[HTTP][39m [90m{}[39m
[35m[W3C (1314371e)][39m Driver proxy active, passing request on via HTTP proxy
[35m[WD Proxy][39m Replacing sessionId fca24aef-3efa-4be2-86f4-bece852ca6eb with 1314371e-5ac5-4c3f-8cfe-7cf186bf05d1
[35m[HTTP][39m [37m<-- GET /wd/hub/session/1314371e-5ac5-4c3f-8cfe-7cf186bf05d1/source [39m[32m200[39m [90m173 ms - 19649[39m
[35m[HTTP][39m [90m[39m
[35m[HTTP][39m [37m-->[39m [37mGET[39m [37m/wd/hub/session/1314371e-5ac5-4c3f-8cfe-7cf186bf05d1/screenshot[39m
[35m[HTTP][39m [90m{}[39m
[35m[HTTP][39m [37m<-- GET /wd/hub/session/1314371e-5ac5-4c3f-8cfe-7cf186bf05d1/screenshot [39m[32m200[39m [90m394 ms - 143312[39m
[35m[HTTP][39m [90m[39m
[35m[HTTP][39m [37m-->[39m [37mGET[39m [37m/wd/hub/session/1314371e-5ac5-4c3f-8cfe-7cf186bf05d1/source[39m
[35m[HTTP][39m [90m{}[39m
[35m[W3C (1314371e)][39m Driver proxy active, passing request on via HTTP proxy
[35m[WD Proxy][39m Replacing sessionId fca24aef-3efa-4be2-86f4-bece852ca6eb with 1314371e-5ac5-4c3f-8cfe-7cf186bf05d1
[35m[HTTP][39m [37m<-- GET /wd/hub/session/1314371e-5ac5-4c3f-8cfe-7cf186bf05d1/source [39m[32m200[39m [90m127 ms - 19650[39m
[35m[HTTP][39m [90m[39m
[35m[HTTP][39m [37m-->[39m [37mGET[39m [37m/wd/hub/session/1314371e-5ac5-4c3f-8cfe-7cf186bf05d1/screenshot[39m
[35m[HTTP][39m [90m{}[39m
[35m[HTTP][39m [37m<-- GET /wd/hub/session/1314371e-5ac5-4c3f-8cfe-7cf186bf05d1/screenshot [39m[32m200[39m [90m372 ms - 143484[39m
[35m[HTTP][39m [90m[39m
[35m[HTTP][39m [37m-->[39m [37mDELETE[39m [37m/wd/hub/session/1314371e-5ac5-4c3f-8cfe-7cf186bf05d1[39m
[35m[HTTP][39m [90m{}[39m
[35m[Appium][39m Removing session 1314371e-5ac5-4c3f-8cfe-7cf186bf05d1 from our master session list
[35m[UiAutomator2][39m Restoring hidden api policy to the device default configuration
[35m[HTTP][39m [37m<-- DELETE /wd/hub/session/1314371e-5ac5-4c3f-8cfe-7cf186bf05d1 [39m[32m200[39m [90m393 ms - 14[39m
[35m[HTTP][39m [90m[39m
